<?xml version="1.0" encoding="UTF-8"?>
<!-- Generated by org.testng.reporters.JUnitReportReporter -->
<testsuite hostname="DESKTOP-KJ197RR" failures="0" tests="1" name="testcases.AddToCartTest" time="34.162" errors="0" timestamp="2025-06-02T18:03:50 IST" skipped="0">
  <testcase classname="testcases.AddToCartTest" name="addToCart" time="34.162"/>
  <system-out/>
</testsuite> <!-- testcases.AddToCartTest -->
