<?xml version="1.0" encoding="UTF-8"?>
<!-- Generated by org.testng.reporters.JUnitReportReporter -->
<testsuite hostname="LAPTOP-8UKHKL7O" failures="0" tests="1" name="testcases.AddToCartTest" time="20.470" errors="0" timestamp="2025-04-11T00:38:24 IST" skipped="0">
  <testcase classname="testcases.AddToCartTest" name="addToCart" time="20.470"/>
  <system-out/>
</testsuite> <!-- testcases.AddToCartTest -->
