<?xml version="1.0" encoding="UTF-8"?>
<!-- Generated by org.testng.reporters.JUnitReportReporter -->
<testsuite hostname="DESKTOP-KJ197RR" failures="0" tests="1" name="testcases.PlpSorting" time="20.651" errors="0" timestamp="2025-06-02T18:03:50 IST" skipped="0">
  <testcase classname="testcases.PlpSorting" name="testSortByPriceLowToHigh" time="20.651"/>
  <system-out/>
</testsuite> <!-- testcases.PlpSorting -->
