<?xml version="1.0" encoding="UTF-8"?>
<!-- Generated by org.testng.reporters.JUnitReportReporter -->
<testsuite hostname="LAPTOP-8UKHKL7O" failures="0" tests="1" name="testcases.AddToCartTest" time="21.941" errors="0" timestamp="2025-04-10T22:20:37 IST" skipped="0">
  <testcase classname="testcases.AddToCartTest" name="addToCart" time="21.941"/>
  <system-out/>
</testsuite> <!-- testcases.AddToCartTest -->
