<?xml version="1.0" encoding="UTF-8"?>
<!-- Generated by org.testng.reporters.JUnitReportReporter -->
<testsuite hostname="LAPTOP-8UKHKL7O" failures="0" tests="1" name="testcases.AddToCartTest" time="61.448" errors="0" timestamp="2025-04-20T00:54:58 IST" skipped="0">
  <testcase classname="testcases.AddToCartTest" name="addToCart" time="61.448"/>
  <system-out/>
</testsuite> <!-- testcases.AddToCartTest -->
