<?xml version="1.0" encoding="UTF-8"?>
<!-- Generated by org.testng.reporters.JUnitReportReporter -->
<testsuite hostname="DESKTOP-KJ197RR" failures="0" tests="1" name="testcases.PlpSorting" time="21.734" errors="0" timestamp="2025-06-03T16:25:35 IST" skipped="0">
  <testcase classname="testcases.PlpSorting" name="testSortByPriceLowToHigh" time="21.734"/>
  <system-out/>
</testsuite> <!-- testcases.PlpSorting -->
