<?xml version="1.0" encoding="UTF-8"?>
<!-- Generated by org.testng.reporters.JUnitReportReporter -->
<testsuite hostname="DESKTOP-KJ197RR" failures="0" tests="1" name="testcases.AddToCartTest" time="33.062" errors="0" timestamp="2025-06-02T15:47:32 IST" skipped="0">
  <testcase classname="testcases.AddToCartTest" name="addToCart" time="33.062"/>
  <system-out/>
</testsuite> <!-- testcases.AddToCartTest -->
