<?xml version="1.0" encoding="UTF-8"?>
<!-- Generated by org.testng.reporters.JUnitReportReporter -->
<testsuite hostname="DESKTOP-KJ197RR" failures="0" tests="1" name="testcases.AddToCartTest" time="51.042" errors="0" timestamp="2025-06-06T11:40:52 IST" skipped="0">
  <testcase classname="testcases.AddToCartTest" name="addToCart" time="51.042"/>
  <system-out/>
</testsuite> <!-- testcases.AddToCartTest -->
