<?xml version="1.0" encoding="UTF-8"?>
<!-- Generated by org.testng.reporters.JUnitReportReporter -->
<testsuite hostname="LAPTOP-8UKHKL7O" failures="0" tests="1" name="testcases.Demo" time="37.150" errors="0" timestamp="2025-04-06T17:39:31 IST" skipped="0">
  <testcase classname="testcases.Demo" name="addToCart" time="37.150"/>
  <system-out/>
</testsuite> <!-- testcases.Demo -->
